t1: d12; d28; d32; d42; 
t2: du15; 
t3: d13; d18; du9; du7; du25; 
t4: du17; du20; 
t5: d15; d17; d28; d48; du38; du46; du39; 
t6: du18; 
t7: d50; du36; 
t8: du20; 
t9: d33; d41; du2; 
t10: du15; 
t11: d2; d47; du19; du24; du37; 
t12: d7; du4; du8; du9; 
t13: d6; d12; du24; 
t14: du13; 
t15: d23; du34; du41; du45; 
t16: d5; d13; d26; d43; du22; du28; 
t17: d10; d15; d33; d48; du21; du26; du27; du31; 
t18: d1; d48; du43; 
t19: du47; 
t20: du2; 
t21: d1; d2; d38; du14; du32; 
t22: d29; d31; d43; d44; du6; 
t23: d14; d46; du30; 
t24: d28; d35; du5; 
t25: du35; 
t26: d3; d16; d21; du47; du49; 
t27: d13; du30; du33; du44; 
t28: d36; du18; 
t29: d4; d39; du16; 
t30: d16; du11; 
t31: d14; d40; d45; du27; du39; du40; 
t32: d1; d20; d36; du42; 
t33: d5; d9; d26; d41; du36; du38; du40; 
t34: d8; d41; du31; du32; 
t35: d19; d42; du10; 
t36: d34; d43; du19; du23; 
t37: d25; d27; d33; d38; d45; du11; du12; du17; 
t38: d21; d46; d49; du12; 
t39: du1; 
t40: d9; d31; du26; du29; 
t41: d8; d37; du37; 
t42: d22; d42; du35; du42; 
t43: d31; du14; 
t44: d19; d20; d24; du23; du28; 
t45: d30; d49; d50; du48; 
t46: d17; du21; du34; 
t47: du8; du10; 
t48: d44; d50; du4; 
t49: d26; d45; du7; 
t50: d11; d15; d19; d21; d32; d49; du3; 

dc1 : d47 (110.0); d35 (44.0); d50 (22.0); d30 (113.0); 
dc2 : d34 (43.0); d43 (45.0); d44 (109.0); d31 (78.0); d29 (27.0); 
dc3 : d23 (54.0); d40 (51.0); d14 (107.0); d46 (46.0); d7 (3.0); 
dc4 : d22 (48.0); d42 (124.0); d12 (90.0); d6 (37.0); 
dc5 : d37 (107.0); d8 (85.0); 
dc6 : d41 (111.0); d9 (71.0); d26 (12.0); d5 (4.0); d36 (125.0); 
dc7 : d13 (58.0); d18 (80.0); d39 (68.0); d4 (46.0); 
dc8 : d16 (128.0); d3 (85.0); d21 (77.0); 
dc9 : d49 (20.0); d11 (91.0); d19 (91.0); d32 (34.0); d15 (18.0); d48 (45.0); 
dc10 : d28 (82.0); d17 (115.0); d10 (124.0); 
dc11 : d24 (122.0); d20 (128.0); 
dc12 : d1 (106.0); d2 (96.0); d38 (76.0); d45 (76.0); 
dc13 : d25 (101.0); d33 (128.0); d27 (21.0); 

Round 1
Scheduled Tasks:    t1:dc4; t2:dc9; t3:dc7; t4:dc11; t5:dc9; t6:dc4; t7:dc1; t8:dc11; t9:dc13; t10:dc5; t11:dc1; t12:dc3; t13:dc4; t14:dc13; t15:dc3; t16:dc6; t17:dc13; t18:dc9; t19:dc8; t20:dc9; t21:dc12; t22:dc2; t23:dc3; t24:dc10; t25:dc3; t26:dc8; t27:dc7; t28:dc6; t29:dc7; t30:dc8; t31:dc3; t32:dc11; t33:dc6; t34:dc5; t35:dc9; t36:dc2; t37:dc13; t38:dc7; t39:dc4; t40:dc13; t41:dc5; t42:dc4; t43:dc12; t44:dc11; t45:dc1; t46:dc10; t47:dc10; t48:dc2; t49:dc6; t50:dc9; 
Datasets Retrieved: t1:d28:dc10->dc4; t1:d32:dc9->dc4; t2:du15:dc13->dc9; t3:du9:dc13->dc7; t3:du7:dc3->dc7; t3:du25:dc3->dc7; t4:du17:dc5->dc11; t4:du20:dc5->dc11; t5:d17:dc10->dc9; t5:d28:dc10->dc9; t5:du38:dc9->dc9; t5:du46:dc3->dc9; t5:du39:dc3->dc9; t6:du18:dc12->dc4; t7:du36:dc6->dc1; t8:du20:dc5->dc11; t9:d41:dc6->dc13; t9:du2:dc4->dc13; t10:du15:dc13->dc5; t11:d2:dc12->dc1; t11:du19:dc2->dc1; t11:du37:dc5->dc1; t12:du4:dc13->dc3; t12:du8:dc10->dc3; t12:du9:dc13->dc3; t13:du24:dc1->dc4; t14:du13:dc9->dc13; t15:du34:dc11->dc3; t15:du41:dc3->dc3; t15:du45:dc11->dc3; t16:d13:dc7->dc6; t16:d43:dc2->dc6; t16:du22:dc2->dc6; t16:du28:dc9->dc6; t17:d10:dc10->dc13; t17:d15:dc9->dc13; t17:d48:dc9->dc13; t17:du27:dc3->dc13; t17:du31:dc5->dc13; t18:d1:dc12->dc9; t18:du43:dc6->dc9; t20:du2:dc4->dc9; t21:du14:dc12->dc12; t21:du32:dc5->dc12; t22:du6:dc2->dc2; t23:du30:dc10->dc3; t24:d35:dc1->dc10; t24:du5:dc1->dc10; t25:du35:dc4->dc3; t27:du30:dc10->dc7; t27:du44:dc5->dc7; t28:du18:dc12->dc6; t29:du16:dc7->dc7; t30:du11:dc8->dc8; t31:d45:dc12->dc3; t31:du27:dc3->dc3; t31:du40:dc9->dc3; t32:d1:dc12->dc11; t32:d36:dc6->dc11; t32:du42:dc1->dc11; t33:du38:dc9->dc6; t33:du40:dc9->dc6; t34:d41:dc6->dc5; t34:du32:dc5->dc5; t35:d42:dc4->dc9; t35:du10:dc6->dc9; t36:du23:dc11->dc2; t37:d38:dc12->dc13; t37:d45:dc12->dc13; t37:du11:dc8->dc13; t37:du12:dc7->dc13; t37:du17:dc5->dc13; t38:d21:dc8->dc7; t38:d46:dc3->dc7; t38:d49:dc9->dc7; t40:d9:dc6->dc13; t40:d31:dc2->dc13; t42:du42:dc1->dc4; t43:d31:dc2->dc12; t44:d19:dc9->dc11; t44:du28:dc9->dc11; t45:d49:dc9->dc1; t46:du21:dc13->dc10; t46:du34:dc11->dc10; t47:du10:dc6->dc10; t48:d50:dc1->dc2; t48:du4:dc13->dc2; t49:d45:dc12->dc6; t49:du7:dc3->dc6; t50:d21:dc8->dc9; Total: 90 (5894.0)

Total Retrieved:     90 (5894.0)
Total Sent:          24 (1418.0)
Total Sent fuzzy:          24 (1418.0)
Total Redistributed: 0 (0.0)
                     -------------
Total Movement:      114 (7312.0)

