ID00000: d30; d27; 
ID00001: d30; d35; 
ID00002: d30; d11; 
ID00003: d30; d36; 
ID00004: d30; d9; 
ID00005: d30; du26; du7; du27; du5; 
ID00006: d30; d40; d1; d34; d21; 
ID00007: d30; d23; d14; du17; du42; 
ID00008: d30; du38; du11; d18; d43; 
ID00009: d30; d10; d15; d8; d33; 
ID00010: d30; d17; d32; 
ID00011: d30; d25; d20; d24; d4; 
ID00012: d30; du24; du33; d19; d41; 
ID00013: d30; d38; d22; d13; d6; 
ID00014: d3; du21; du23; 
ID00015: d12; du30; 
ID00016: du41; d28; d2; 
ID00017: du41; d5; d37; 
ID00018: du41; d31; d7; 
ID00019: du41; d16; d42; 
ID00020: du41; d29; d39; 
ID00021: d26; du3; du36; du43; du29; du6; du8; du44; du35; du4; du2; 
ID00022: d30; du31; 
ID00023: du16; du15; 
ID00024: du20; 

dc1 : d39 (4157647.0); d29 (4157647.0); d26 (837.0); d42 (4170858.0); d16 (4170858.0); d12 (837.0); d31 (4182323.0); d7 (4182323.0); d37 (4161831.0); d5 (4161831.0); d3 (245.0); d36 (4222080.0); d35 (4222080.0); d27 (4222080.0); d41 (4155664.0); d19 (4155664.0); d43 (4143677.0); d18 (4143677.0); d32 (4152397.0); d17 (4152397.0); d23 (4155530.0); d14 (4155530.0); d11 (4222080.0); d9 (4222080.0); d33 (4150602.0); d15 (4149806.0); d10 (4149806.0); d8 (4150602.0); d30 (304.0); 
dc2 : d38 (4141389.0); d22 (4141389.0); d13 (4163196.0); d6 (4163196.0); d25 (4173072.0); d24 (4170398.0); d20 (4173072.0); d4 (4170398.0); d40 (4185623.0); d34 (4181449.0); d21 (4181449.0); d1 (4185623.0); d2 (4163084.0); d28 (4163084.0); 

Round 1

